This file contains any messages produced by compilers while
running configure, to aid debugging if configure makes a mistake.

It was created by Jerasure configure 2.0, which was
generated by GNU Autoconf 2.69.  Invocation command line was

  $ ./configure LDFLAGS=-L/home/anand/sstack/oss/gf-complete/src/.libs CPPFLAGS=-I/home/anand/sstack/oss/gf-complete/include --no-create --no-recursion

## --------- ##
## Platform. ##
## --------- ##

hostname = Maximus
uname -m = x86_64
uname -r = 3.13.0-39-generic
uname -s = Linux
uname -v = #66-Ubuntu SMP Tue Oct 28 13:30:27 UTC 2014

/usr/bin/uname -p = unknown
/bin/uname -X     = unknown

/bin/arch              = unknown
/usr/bin/arch -k       = unknown
/usr/convex/getsysinfo = unknown
/usr/bin/hostinfo      = unknown
/bin/machine           = unknown
/usr/bin/oslevel       = unknown
/bin/universe          = unknown

PATH: /usr/local/sbin
PATH: /usr/local/bin
PATH: /usr/sbin
PATH: /usr/bin
PATH: /sbin
PATH: /bin
PATH: /usr/games
PATH: /usr/local/games


## ----------- ##
## Core tests. ##
## ----------- ##

configure:2299: checking for a BSD-compatible install
configure:2367: result: /usr/bin/install -c
configure:2378: checking whether build environment is sane
configure:2433: result: yes
configure:2584: checking for a thread-safe mkdir -p
configure:2623: result: /bin/mkdir -p
configure:2630: checking for gawk
configure:2646: found /usr/bin/gawk
configure:2657: result: gawk
configure:2668: checking whether make sets $(MAKE)
configure:2690: result: yes
configure:2719: checking whether make supports nested variables
configure:2736: result: yes
configure:2894: checking build system type
configure:2908: result: x86_64-unknown-linux-gnu
configure:2928: checking host system type
configure:2941: result: x86_64-unknown-linux-gnu
configure:2982: checking how to print strings
configure:3009: result: printf
configure:3042: checking for style of include used by make
configure:3070: result: GNU
configure:3141: checking for gcc
configure:3157: found /usr/bin/gcc
configure:3168: result: gcc
configure:3397: checking for C compiler version
configure:3406: gcc --version >&5
gcc (Ubuntu 4.8.2-19ubuntu1) 4.8.2
Copyright (C) 2013 Free Software Foundation, Inc.
This is free software; see the source for copying conditions.  There is NO
warranty; not even for MERCHANTABILITY or FITNESS FOR A PARTICULAR PURPOSE.

configure:3417: $? = 0
configure:3406: gcc -v >&5
Using built-in specs.
COLLECT_GCC=gcc
COLLECT_LTO_WRAPPER=/usr/lib/gcc/x86_64-linux-gnu/4.8/lto-wrapper
Target: x86_64-linux-gnu
Configured with: ../src/configure -v --with-pkgversion='Ubuntu 4.8.2-19ubuntu1' --with-bugurl=file:///usr/share/doc/gcc-4.8/README.Bugs --enable-languages=c,c++,java,go,d,fortran,objc,obj-c++ --prefix=/usr --program-suffix=-4.8 --enable-shared --enable-linker-build-id --libexecdir=/usr/lib --without-included-gettext --enable-threads=posix --with-gxx-include-dir=/usr/include/c++/4.8 --libdir=/usr/lib --enable-nls --with-sysroot=/ --enable-clocale=gnu --enable-libstdcxx-debug --enable-libstdcxx-time=yes --enable-gnu-unique-object --disable-libmudflap --enable-plugin --with-system-zlib --disable-browser-plugin --enable-java-awt=gtk --enable-gtk-cairo --with-java-home=/usr/lib/jvm/java-1.5.0-gcj-4.8-amd64/jre --enable-java-home --with-jvm-root-dir=/usr/lib/jvm/java-1.5.0-gcj-4.8-amd64 --with-jvm-jar-dir=/usr/lib/jvm-exports/java-1.5.0-gcj-4.8-amd64 --with-arch-directory=amd64 --with-ecj-jar=/usr/share/java/eclipse-ecj.jar --enable-objc-gc --enable-multiarch --disable-werror --with-arch-32=i686 --with-abi=m64 --with-multilib-list=m32,m64,mx32 --with-tune=generic --enable-checking=release --build=x86_64-linux-gnu --host=x86_64-linux-gnu --target=x86_64-linux-gnu
Thread model: posix
gcc version 4.8.2 (Ubuntu 4.8.2-19ubuntu1) 
configure:3417: $? = 0
configure:3406: gcc -V >&5
gcc: error: unrecognized command line option '-V'
gcc: fatal error: no input files
compilation terminated.
configure:3417: $? = 4
configure:3406: gcc -qversion >&5
gcc: error: unrecognized command line option '-qversion'
gcc: fatal error: no input files
compilation terminated.
configure:3417: $? = 4
configure:3437: checking whether the C compiler works
configure:3459: gcc -g -O3 -Wall -I/home/anand/sstack/oss/gf-complete/include -L/home/anand/sstack/oss/gf-complete/src/.libs conftest.c  >&5
configure:3463: $? = 0
configure:3511: result: yes
configure:3514: checking for C compiler default output file name
configure:3516: result: a.out
configure:3522: checking for suffix of executables
configure:3529: gcc -o conftest -g -O3 -Wall -I/home/anand/sstack/oss/gf-complete/include -L/home/anand/sstack/oss/gf-complete/src/.libs conftest.c  >&5
configure:3533: $? = 0
configure:3555: result: 
configure:3577: checking whether we are cross compiling
configure:3585: gcc -o conftest -g -O3 -Wall -I/home/anand/sstack/oss/gf-complete/include -L/home/anand/sstack/oss/gf-complete/src/.libs conftest.c  >&5
configure:3589: $? = 0
configure:3596: ./conftest
configure:3600: $? = 0
configure:3615: result: no
configure:3620: checking for suffix of object files
configure:3642: gcc -c -g -O3 -Wall -I/home/anand/sstack/oss/gf-complete/include conftest.c >&5
configure:3646: $? = 0
configure:3667: result: o
configure:3671: checking whether we are using the GNU C compiler
configure:3690: gcc -c -g -O3 -Wall -I/home/anand/sstack/oss/gf-complete/include conftest.c >&5
configure:3690: $? = 0
configure:3699: result: yes
configure:3708: checking whether gcc accepts -g
configure:3728: gcc -c -g -I/home/anand/sstack/oss/gf-complete/include conftest.c >&5
configure:3728: $? = 0
configure:3769: result: yes
configure:3786: checking for gcc option to accept ISO C89
configure:3849: gcc  -c -g -O3 -Wall -I/home/anand/sstack/oss/gf-complete/include conftest.c >&5
configure:3849: $? = 0
configure:3862: result: none needed
configure:3887: checking whether gcc understands -c and -o together
configure:3909: gcc -c conftest.c -o conftest2.o
configure:3912: $? = 0
configure:3909: gcc -c conftest.c -o conftest2.o
configure:3912: $? = 0
configure:3924: result: yes
configure:3943: checking dependency style of gcc
configure:4054: result: gcc3
configure:4069: checking for a sed that does not truncate output
configure:4133: result: /bin/sed
configure:4151: checking for grep that handles long lines and -e
configure:4209: result: /bin/grep
configure:4214: checking for egrep
configure:4276: result: /bin/grep -E
configure:4281: checking for fgrep
configure:4343: result: /bin/grep -F
configure:4378: checking for ld used by gcc
configure:4445: result: /usr/bin/ld
configure:4452: checking if the linker (/usr/bin/ld) is GNU ld
configure:4467: result: yes
configure:4479: checking for BSD- or MS-compatible name lister (nm)
configure:4528: result: /usr/bin/nm -B
configure:4658: checking the name lister (/usr/bin/nm -B) interface
configure:4665: gcc -c -g -O3 -Wall -I/home/anand/sstack/oss/gf-complete/include conftest.c >&5
configure:4668: /usr/bin/nm -B "conftest.o"
configure:4671: output
0000000000000000 B some_variable
configure:4678: result: BSD nm
configure:4681: checking whether ln -s works
configure:4685: result: yes
configure:4693: checking the maximum length of command line arguments
configure:4818: result: 3458764513820540925
configure:4835: checking whether the shell understands some XSI constructs
configure:4845: result: yes
configure:4849: checking whether the shell understands "+="
configure:4855: result: yes
configure:4890: checking for /usr/bin/ld option to reload object files
configure:4897: result: -r
configure:4966: checking for objdump
configure:4982: found /usr/bin/objdump
configure:4993: result: objdump
configure:5025: checking how to recognize dependent libraries
configure:5227: result: pass_all
configure:5287: checking for ar
configure:5303: found /usr/bin/ar
configure:5314: result: ar
configure:5392: checking for strip
configure:5408: found /usr/bin/strip
configure:5419: result: strip
configure:5491: checking for ranlib
configure:5507: found /usr/bin/ranlib
configure:5518: result: ranlib
configure:5620: checking command to parse /usr/bin/nm -B output from gcc object
configure:5738: gcc -c -g -O3 -Wall -I/home/anand/sstack/oss/gf-complete/include conftest.c >&5
configure:5741: $? = 0
configure:5745: /usr/bin/nm -B conftest.o \| sed -n -e 's/^.*[ ]\([ABCDGIRSTW][ABCDGIRSTW]*\)[ ][ ]*\([_A-Za-z][_A-Za-z0-9]*\)$/\1 \2 \2/p' \> conftest.nm
configure:5748: $? = 0
configure:5802: gcc -o conftest -g -O3 -Wall -I/home/anand/sstack/oss/gf-complete/include -L/home/anand/sstack/oss/gf-complete/src/.libs conftest.c conftstm.o >&5
configure:5805: $? = 0
configure:5843: result: ok
configure:5939: gcc -c -g -O3 -Wall -I/home/anand/sstack/oss/gf-complete/include conftest.c >&5
configure:5942: $? = 0
configure:6684: checking how to run the C preprocessor
configure:6715: gcc -E -I/home/anand/sstack/oss/gf-complete/include conftest.c
configure:6715: $? = 0
configure:6729: gcc -E -I/home/anand/sstack/oss/gf-complete/include conftest.c
conftest.c:11:28: fatal error: ac_nonexistent.h: No such file or directory
 #include <ac_nonexistent.h>
                            ^
compilation terminated.
configure:6729: $? = 1
configure: failed program was:
| /* confdefs.h */
| #define PACKAGE_NAME "Jerasure"
| #define PACKAGE_TARNAME "jerasure"
| #define PACKAGE_VERSION "2.0"
| #define PACKAGE_STRING "Jerasure 2.0"
| #define PACKAGE_BUGREPORT ""
| #define PACKAGE_URL "https://bitbucket.org/jimplank/jerasure"
| #define PACKAGE "jerasure"
| #define VERSION "2.0"
| /* end confdefs.h.  */
| #include <ac_nonexistent.h>
configure:6754: result: gcc -E
configure:6774: gcc -E -I/home/anand/sstack/oss/gf-complete/include conftest.c
configure:6774: $? = 0
configure:6788: gcc -E -I/home/anand/sstack/oss/gf-complete/include conftest.c
conftest.c:11:28: fatal error: ac_nonexistent.h: No such file or directory
 #include <ac_nonexistent.h>
                            ^
compilation terminated.
configure:6788: $? = 1
configure: failed program was:
| /* confdefs.h */
| #define PACKAGE_NAME "Jerasure"
| #define PACKAGE_TARNAME "jerasure"
| #define PACKAGE_VERSION "2.0"
| #define PACKAGE_STRING "Jerasure 2.0"
| #define PACKAGE_BUGREPORT ""
| #define PACKAGE_URL "https://bitbucket.org/jimplank/jerasure"
| #define PACKAGE "jerasure"
| #define VERSION "2.0"
| /* end confdefs.h.  */
| #include <ac_nonexistent.h>
configure:6817: checking for ANSI C header files
configure:6837: gcc -c -g -O3 -Wall -I/home/anand/sstack/oss/gf-complete/include conftest.c >&5
configure:6837: $? = 0
configure:6910: gcc -o conftest -g -O3 -Wall -I/home/anand/sstack/oss/gf-complete/include -L/home/anand/sstack/oss/gf-complete/src/.libs conftest.c  >&5
configure:6910: $? = 0
configure:6910: ./conftest
configure:6910: $? = 0
configure:6921: result: yes
configure:6934: checking for sys/types.h
configure:6934: gcc -c -g -O3 -Wall -I/home/anand/sstack/oss/gf-complete/include conftest.c >&5
configure:6934: $? = 0
configure:6934: result: yes
configure:6934: checking for sys/stat.h
configure:6934: gcc -c -g -O3 -Wall -I/home/anand/sstack/oss/gf-complete/include conftest.c >&5
configure:6934: $? = 0
configure:6934: result: yes
configure:6934: checking for stdlib.h
configure:6934: gcc -c -g -O3 -Wall -I/home/anand/sstack/oss/gf-complete/include conftest.c >&5
configure:6934: $? = 0
configure:6934: result: yes
configure:6934: checking for string.h
configure:6934: gcc -c -g -O3 -Wall -I/home/anand/sstack/oss/gf-complete/include conftest.c >&5
configure:6934: $? = 0
configure:6934: result: yes
configure:6934: checking for memory.h
configure:6934: gcc -c -g -O3 -Wall -I/home/anand/sstack/oss/gf-complete/include conftest.c >&5
configure:6934: $? = 0
configure:6934: result: yes
configure:6934: checking for strings.h
configure:6934: gcc -c -g -O3 -Wall -I/home/anand/sstack/oss/gf-complete/include conftest.c >&5
configure:6934: $? = 0
configure:6934: result: yes
configure:6934: checking for inttypes.h
configure:6934: gcc -c -g -O3 -Wall -I/home/anand/sstack/oss/gf-complete/include conftest.c >&5
configure:6934: $? = 0
configure:6934: result: yes
configure:6934: checking for stdint.h
configure:6934: gcc -c -g -O3 -Wall -I/home/anand/sstack/oss/gf-complete/include conftest.c >&5
configure:6934: $? = 0
configure:6934: result: yes
configure:6934: checking for unistd.h
configure:6934: gcc -c -g -O3 -Wall -I/home/anand/sstack/oss/gf-complete/include conftest.c >&5
configure:6934: $? = 0
configure:6934: result: yes
configure:6948: checking for dlfcn.h
configure:6948: gcc -c -g -O3 -Wall -I/home/anand/sstack/oss/gf-complete/include conftest.c >&5
configure:6948: $? = 0
configure:6948: result: yes
configure:7134: checking for objdir
configure:7149: result: .libs
configure:7420: checking if gcc supports -fno-rtti -fno-exceptions
configure:7438: gcc -c -g -O3 -Wall -I/home/anand/sstack/oss/gf-complete/include -fno-rtti -fno-exceptions conftest.c >&5
cc1: warning: command line option '-fno-rtti' is valid for C++/ObjC++ but not for C [enabled by default]
configure:7442: $? = 0
configure:7455: result: no
configure:7475: checking for gcc option to produce PIC
configure:7760: result: -fPIC -DPIC
configure:7772: checking if gcc PIC flag -fPIC -DPIC works
configure:7790: gcc -c -g -O3 -Wall -I/home/anand/sstack/oss/gf-complete/include -fPIC -DPIC -DPIC conftest.c >&5
configure:7794: $? = 0
configure:7807: result: yes
configure:7831: checking if gcc static flag -static works
configure:7859: result: yes
configure:7874: checking if gcc supports -c -o file.o
configure:7895: gcc -c -g -O3 -Wall -I/home/anand/sstack/oss/gf-complete/include -o out/conftest2.o conftest.c >&5
configure:7899: $? = 0
configure:7921: result: yes
configure:7929: checking if gcc supports -c -o file.o
configure:7976: result: yes
configure:8009: checking whether the gcc linker (/usr/bin/ld -m elf_x86_64) supports shared libraries
configure:9084: result: yes
configure:9121: checking whether -lc should be explicitly linked in
configure:9129: gcc -c -g -O3 -Wall -I/home/anand/sstack/oss/gf-complete/include conftest.c >&5
configure:9132: $? = 0
configure:9147: gcc -shared conftest.o  -v -Wl,-soname -Wl,conftest -o conftest 2\>\&1 \| /bin/grep  -lc  \>/dev/null 2\>\&1
configure:9150: $? = 0
configure:9164: result: no
configure:9329: checking dynamic linker characteristics
configure:9784: gcc -o conftest -g -O3 -Wall -I/home/anand/sstack/oss/gf-complete/include -L/home/anand/sstack/oss/gf-complete/src/.libs -Wl,-rpath -Wl,/foo conftest.c  >&5
configure:9784: $? = 0
configure:10006: result: GNU/Linux ld.so
configure:10113: checking how to hardcode library paths into programs
configure:10138: result: immediate
configure:10678: checking whether stripping libraries is possible
configure:10683: result: yes
configure:10718: checking if libtool supports shared libraries
configure:10720: result: yes
configure:10723: checking whether to build shared libraries
configure:10744: result: yes
configure:10747: checking whether to build static libraries
configure:10751: result: no
configure:10836: checking for gcc
configure:10863: result: gcc
configure:11092: checking for C compiler version
configure:11101: gcc --version >&5
gcc (Ubuntu 4.8.2-19ubuntu1) 4.8.2
Copyright (C) 2013 Free Software Foundation, Inc.
This is free software; see the source for copying conditions.  There is NO
warranty; not even for MERCHANTABILITY or FITNESS FOR A PARTICULAR PURPOSE.

configure:11112: $? = 0
configure:11101: gcc -v >&5
Using built-in specs.
COLLECT_GCC=gcc
COLLECT_LTO_WRAPPER=/usr/lib/gcc/x86_64-linux-gnu/4.8/lto-wrapper
Target: x86_64-linux-gnu
Configured with: ../src/configure -v --with-pkgversion='Ubuntu 4.8.2-19ubuntu1' --with-bugurl=file:///usr/share/doc/gcc-4.8/README.Bugs --enable-languages=c,c++,java,go,d,fortran,objc,obj-c++ --prefix=/usr --program-suffix=-4.8 --enable-shared --enable-linker-build-id --libexecdir=/usr/lib --without-included-gettext --enable-threads=posix --with-gxx-include-dir=/usr/include/c++/4.8 --libdir=/usr/lib --enable-nls --with-sysroot=/ --enable-clocale=gnu --enable-libstdcxx-debug --enable-libstdcxx-time=yes --enable-gnu-unique-object --disable-libmudflap --enable-plugin --with-system-zlib --disable-browser-plugin --enable-java-awt=gtk --enable-gtk-cairo --with-java-home=/usr/lib/jvm/java-1.5.0-gcj-4.8-amd64/jre --enable-java-home --with-jvm-root-dir=/usr/lib/jvm/java-1.5.0-gcj-4.8-amd64 --with-jvm-jar-dir=/usr/lib/jvm-exports/java-1.5.0-gcj-4.8-amd64 --with-arch-directory=amd64 --with-ecj-jar=/usr/share/java/eclipse-ecj.jar --enable-objc-gc --enable-multiarch --disable-werror --with-arch-32=i686 --with-abi=m64 --with-multilib-list=m32,m64,mx32 --with-tune=generic --enable-checking=release --build=x86_64-linux-gnu --host=x86_64-linux-gnu --target=x86_64-linux-gnu
Thread model: posix
gcc version 4.8.2 (Ubuntu 4.8.2-19ubuntu1) 
configure:11112: $? = 0
configure:11101: gcc -V >&5
gcc: error: unrecognized command line option '-V'
gcc: fatal error: no input files
compilation terminated.
configure:11112: $? = 4
configure:11101: gcc -qversion >&5
gcc: error: unrecognized command line option '-qversion'
gcc: fatal error: no input files
compilation terminated.
configure:11112: $? = 4
configure:11116: checking whether we are using the GNU C compiler
configure:11144: result: yes
configure:11153: checking whether gcc accepts -g
configure:11214: result: yes
configure:11231: checking for gcc option to accept ISO C89
configure:11307: result: none needed
configure:11332: checking whether gcc understands -c and -o together
configure:11369: result: yes
configure:11388: checking dependency style of gcc
configure:11499: result: gcc3
configure:11516: checking for gf_init_easy in -lgf_complete
configure:11541: gcc -o conftest -g -O3 -Wall -I/home/anand/sstack/oss/gf-complete/include -L/home/anand/sstack/oss/gf-complete/src/.libs conftest.c -lgf_complete   >&5
configure:11541: $? = 0
configure:11550: result: yes
configure:11573: checking stddef.h usability
configure:11573: gcc -c -g -O3 -Wall -I/home/anand/sstack/oss/gf-complete/include conftest.c >&5
configure:11573: $? = 0
configure:11573: result: yes
configure:11573: checking stddef.h presence
configure:11573: gcc -E -I/home/anand/sstack/oss/gf-complete/include conftest.c
configure:11573: $? = 0
configure:11573: result: yes
configure:11573: checking for stddef.h
configure:11573: result: yes
configure:11573: checking for stdint.h
configure:11573: result: yes
configure:11573: checking for stdlib.h
configure:11573: result: yes
configure:11573: checking for string.h
configure:11573: result: yes
configure:11573: checking sys/time.h usability
configure:11573: gcc -c -g -O3 -Wall -I/home/anand/sstack/oss/gf-complete/include conftest.c >&5
configure:11573: $? = 0
configure:11573: result: yes
configure:11573: checking sys/time.h presence
configure:11573: gcc -E -I/home/anand/sstack/oss/gf-complete/include conftest.c
configure:11573: $? = 0
configure:11573: result: yes
configure:11573: checking for sys/time.h
configure:11573: result: yes
configure:11573: checking for unistd.h
configure:11573: result: yes
configure:11586: checking gf_complete.h usability
configure:11586: gcc -c -g -O3 -Wall -I/home/anand/sstack/oss/gf-complete/include conftest.c >&5
configure:11586: $? = 0
configure:11586: result: yes
configure:11586: checking gf_complete.h presence
configure:11586: gcc -E -I/home/anand/sstack/oss/gf-complete/include conftest.c
configure:11586: $? = 0
configure:11586: result: yes
configure:11586: checking for gf_complete.h
configure:11586: result: yes
configure:11586: checking gf_general.h usability
configure:11586: gcc -c -g -O3 -Wall -I/home/anand/sstack/oss/gf-complete/include conftest.c >&5
configure:11586: $? = 0
configure:11586: result: yes
configure:11586: checking gf_general.h presence
configure:11586: gcc -E -I/home/anand/sstack/oss/gf-complete/include conftest.c
configure:11586: $? = 0
configure:11586: result: yes
configure:11586: checking for gf_general.h
configure:11586: result: yes
configure:11586: checking gf_method.h usability
configure:11586: gcc -c -g -O3 -Wall -I/home/anand/sstack/oss/gf-complete/include conftest.c >&5
configure:11586: $? = 0
configure:11586: result: yes
configure:11586: checking gf_method.h presence
configure:11586: gcc -E -I/home/anand/sstack/oss/gf-complete/include conftest.c
configure:11586: $? = 0
configure:11586: result: yes
configure:11586: checking for gf_method.h
configure:11586: result: yes
configure:11586: checking gf_rand.h usability
configure:11586: gcc -c -g -O3 -Wall -I/home/anand/sstack/oss/gf-complete/include conftest.c >&5
configure:11586: $? = 0
configure:11586: result: yes
configure:11586: checking gf_rand.h presence
configure:11586: gcc -E -I/home/anand/sstack/oss/gf-complete/include conftest.c
configure:11586: $? = 0
configure:11586: result: yes
configure:11586: checking for gf_rand.h
configure:11586: result: yes
configure:11598: checking for uint32_t
configure:11598: gcc -c -g -O3 -Wall -I/home/anand/sstack/oss/gf-complete/include conftest.c >&5
configure:11598: $? = 0
configure:11598: result: yes
configure:11612: checking for uint64_t
configure:11612: gcc -c -g -O3 -Wall -I/home/anand/sstack/oss/gf-complete/include conftest.c >&5
configure:11612: $? = 0
configure:11612: result: yes
configure:11704: checking for x86 cpuid 0x00000001 output
configure:11733: gcc -o conftest -g -O3 -Wall -I/home/anand/sstack/oss/gf-complete/include -L/home/anand/sstack/oss/gf-complete/src/.libs conftest.c -lgf_complete  >&5
configure:11733: $? = 0
configure:11733: ./conftest
configure:11733: $? = 0
configure:11743: result: 306a9:1100800:7fbae3ff:bfebfbff
configure:11760: checking whether mmx is supported
configure:11772: result: yes
configure:11775: checking whether sse is supported
configure:11787: result: yes
configure:11790: checking whether sse2 is supported
configure:11802: result: yes
configure:11805: checking whether sse3 is supported
configure:11817: result: yes
configure:11820: checking whether ssse3 is supported
configure:11832: result: yes
configure:11835: checking whether sse4.1 is supported
configure:11847: result: yes
configure:11850: checking whether sse4.2 is supported
configure:11862: result: yes
configure:11865: checking whether avx is supported by processor
configure:11877: result: yes
configure:11888: checking for x86-AVX xgetbv 0x00000000 output
configure:11918: gcc -o conftest -g -O3 -Wall -I/home/anand/sstack/oss/gf-complete/include -L/home/anand/sstack/oss/gf-complete/src/.libs conftest.c -lgf_complete  >&5
configure:11918: $? = 0
configure:11918: ./conftest
configure:11918: $? = 0
configure:11928: result: 7:0
configure:11943: checking whether avx is supported by operating system
configure:11958: result: yes
configure:11967: checking whether C compiler accepts -mmmx
configure:11986: gcc -c -g -O3 -Wall  -mmmx -I/home/anand/sstack/oss/gf-complete/include conftest.c >&5
configure:11986: $? = 0
configure:11994: result: yes
configure:12014: checking whether C compiler accepts -msse
configure:12033: gcc -c -g -O3 -Wall  -msse -I/home/anand/sstack/oss/gf-complete/include conftest.c >&5
configure:12033: $? = 0
configure:12041: result: yes
configure:12061: checking whether C compiler accepts -msse2
configure:12080: gcc -c -g -O3 -Wall  -msse2 -I/home/anand/sstack/oss/gf-complete/include conftest.c >&5
configure:12080: $? = 0
configure:12088: result: yes
configure:12108: checking whether C compiler accepts -msse3
configure:12127: gcc -c -g -O3 -Wall  -msse3 -I/home/anand/sstack/oss/gf-complete/include conftest.c >&5
configure:12127: $? = 0
configure:12135: result: yes
configure:12155: checking whether C compiler accepts -mssse3
configure:12174: gcc -c -g -O3 -Wall  -mssse3 -I/home/anand/sstack/oss/gf-complete/include conftest.c >&5
configure:12174: $? = 0
configure:12182: result: yes
configure:12202: checking whether C compiler accepts -msse4.1
configure:12221: gcc -c -g -O3 -Wall  -msse4.1 -I/home/anand/sstack/oss/gf-complete/include conftest.c >&5
configure:12221: $? = 0
configure:12229: result: yes
configure:12249: checking whether C compiler accepts -msse4.2
configure:12268: gcc -c -g -O3 -Wall  -msse4.2 -I/home/anand/sstack/oss/gf-complete/include conftest.c >&5
configure:12268: $? = 0
configure:12276: result: yes
configure:12296: checking whether C compiler accepts -mavx
configure:12315: gcc -c -g -O3 -Wall  -mavx -I/home/anand/sstack/oss/gf-complete/include conftest.c >&5
configure:12315: $? = 0
configure:12323: result: yes
configure:12351: checking for stdlib.h
configure:12351: result: yes
configure:12361: checking for GNU libc compatible malloc
configure:12385: gcc -o conftest -g -O3 -Wall -I/home/anand/sstack/oss/gf-complete/include -L/home/anand/sstack/oss/gf-complete/src/.libs conftest.c -lgf_complete  >&5
configure:12385: $? = 0
configure:12385: ./conftest
configure:12385: $? = 0
configure:12395: result: yes
configure:12419: checking for bzero
configure:12419: gcc -o conftest -g -O3 -Wall -I/home/anand/sstack/oss/gf-complete/include -L/home/anand/sstack/oss/gf-complete/src/.libs conftest.c -lgf_complete  >&5
conftest.c:67:6: warning: conflicting types for built-in function 'bzero' [enabled by default]
 char bzero ();
      ^
configure:12419: $? = 0
configure:12419: result: yes
configure:12419: checking for getcwd
configure:12419: gcc -o conftest -g -O3 -Wall -I/home/anand/sstack/oss/gf-complete/include -L/home/anand/sstack/oss/gf-complete/src/.libs conftest.c -lgf_complete  >&5
configure:12419: $? = 0
configure:12419: result: yes
configure:12419: checking for gettimeofday
configure:12419: gcc -o conftest -g -O3 -Wall -I/home/anand/sstack/oss/gf-complete/include -L/home/anand/sstack/oss/gf-complete/src/.libs conftest.c -lgf_complete  >&5
configure:12419: $? = 0
configure:12419: result: yes
configure:12419: checking for mkdir
configure:12419: gcc -o conftest -g -O3 -Wall -I/home/anand/sstack/oss/gf-complete/include -L/home/anand/sstack/oss/gf-complete/src/.libs conftest.c -lgf_complete  >&5
configure:12419: $? = 0
configure:12419: result: yes
configure:12419: checking for strchr
configure:12419: gcc -o conftest -g -O3 -Wall -I/home/anand/sstack/oss/gf-complete/include -L/home/anand/sstack/oss/gf-complete/src/.libs conftest.c -lgf_complete  >&5
conftest.c:71:6: warning: conflicting types for built-in function 'strchr' [enabled by default]
 char strchr ();
      ^
configure:12419: $? = 0
configure:12419: result: yes
configure:12419: checking for strdup
configure:12419: gcc -o conftest -g -O3 -Wall -I/home/anand/sstack/oss/gf-complete/include -L/home/anand/sstack/oss/gf-complete/src/.libs conftest.c -lgf_complete  >&5
conftest.c:72:6: warning: conflicting types for built-in function 'strdup' [enabled by default]
 char strdup ();
      ^
configure:12419: $? = 0
configure:12419: result: yes
configure:12419: checking for strrchr
configure:12419: gcc -o conftest -g -O3 -Wall -I/home/anand/sstack/oss/gf-complete/include -L/home/anand/sstack/oss/gf-complete/src/.libs conftest.c -lgf_complete  >&5
conftest.c:73:6: warning: conflicting types for built-in function 'strrchr' [enabled by default]
 char strrchr ();
      ^
configure:12419: $? = 0
configure:12419: result: yes
configure:12540: checking that generated files are newer than configure
configure:12546: result: done
configure:12573: creating ./config.status

## ---------------- ##
## Cache variables. ##
## ---------------- ##

ac_cv_build=x86_64-unknown-linux-gnu
ac_cv_c_compiler_gnu=yes
ac_cv_c_uint32_t=yes
ac_cv_c_uint64_t=yes
ac_cv_env_CC_set=
ac_cv_env_CC_value=
ac_cv_env_CFLAGS_set=
ac_cv_env_CFLAGS_value=
ac_cv_env_CPPFLAGS_set=set
ac_cv_env_CPPFLAGS_value=-I/home/anand/sstack/oss/gf-complete/include
ac_cv_env_CPP_set=
ac_cv_env_CPP_value=
ac_cv_env_LDFLAGS_set=set
ac_cv_env_LDFLAGS_value=-L/home/anand/sstack/oss/gf-complete/src/.libs
ac_cv_env_LIBS_set=
ac_cv_env_LIBS_value=
ac_cv_env_build_alias_set=
ac_cv_env_build_alias_value=
ac_cv_env_host_alias_set=
ac_cv_env_host_alias_value=
ac_cv_env_target_alias_set=
ac_cv_env_target_alias_value=
ac_cv_func_bzero=yes
ac_cv_func_getcwd=yes
ac_cv_func_gettimeofday=yes
ac_cv_func_malloc_0_nonnull=yes
ac_cv_func_mkdir=yes
ac_cv_func_strchr=yes
ac_cv_func_strdup=yes
ac_cv_func_strrchr=yes
ac_cv_header_dlfcn_h=yes
ac_cv_header_gf_complete_h=yes
ac_cv_header_gf_general_h=yes
ac_cv_header_gf_method_h=yes
ac_cv_header_gf_rand_h=yes
ac_cv_header_inttypes_h=yes
ac_cv_header_memory_h=yes
ac_cv_header_stdc=yes
ac_cv_header_stddef_h=yes
ac_cv_header_stdint_h=yes
ac_cv_header_stdlib_h=yes
ac_cv_header_string_h=yes
ac_cv_header_strings_h=yes
ac_cv_header_sys_stat_h=yes
ac_cv_header_sys_time_h=yes
ac_cv_header_sys_types_h=yes
ac_cv_header_unistd_h=yes
ac_cv_host=x86_64-unknown-linux-gnu
ac_cv_lib_gf_complete_gf_init_easy=yes
ac_cv_objext=o
ac_cv_path_EGREP='/bin/grep -E'
ac_cv_path_FGREP='/bin/grep -F'
ac_cv_path_GREP=/bin/grep
ac_cv_path_SED=/bin/sed
ac_cv_path_install='/usr/bin/install -c'
ac_cv_path_mkdir=/bin/mkdir
ac_cv_prog_AWK=gawk
ac_cv_prog_CPP='gcc -E'
ac_cv_prog_ac_ct_AR=ar
ac_cv_prog_ac_ct_CC=gcc
ac_cv_prog_ac_ct_OBJDUMP=objdump
ac_cv_prog_ac_ct_RANLIB=ranlib
ac_cv_prog_ac_ct_STRIP=strip
ac_cv_prog_cc_c89=
ac_cv_prog_cc_g=yes
ac_cv_prog_make_make_set=yes
am_cv_CC_dependencies_compiler_type=gcc3
am_cv_make_support_nested_variables=yes
am_cv_prog_cc_c_o=yes
ax_cv_check_cflags___mavx=yes
ax_cv_check_cflags___mmmx=yes
ax_cv_check_cflags___msse2=yes
ax_cv_check_cflags___msse3=yes
ax_cv_check_cflags___msse4_1=yes
ax_cv_check_cflags___msse4_2=yes
ax_cv_check_cflags___msse=yes
ax_cv_check_cflags___mssse3=yes
ax_cv_gcc_x86_avx_xgetbv_0x00000000=7:0
ax_cv_gcc_x86_cpuid_0x00000001=306a9:1100800:7fbae3ff:bfebfbff
ax_cv_have_avx_cpu_ext=yes
ax_cv_have_avx_ext=yes
ax_cv_have_mmx_ext=yes
ax_cv_have_sse2_ext=yes
ax_cv_have_sse3_ext=yes
ax_cv_have_sse41_ext=yes
ax_cv_have_sse42_ext=yes
ax_cv_have_sse_ext=yes
ax_cv_have_ssse3_ext=yes
ax_cv_support_avx_ext=yes
ax_cv_support_mmx_ext=yes
ax_cv_support_sse2_ext=yes
ax_cv_support_sse3_ext=yes
ax_cv_support_sse41_ext=yes
ax_cv_support_sse42_ext=yes
ax_cv_support_sse_ext=yes
ax_cv_support_ssse3_ext=yes
lt_cv_archive_cmds_need_lc=no
lt_cv_deplibs_check_method=pass_all
lt_cv_file_magic_cmd='$MAGIC_CMD'
lt_cv_file_magic_test_file=
lt_cv_ld_reload_flag=-r
lt_cv_nm_interface='BSD nm'
lt_cv_objdir=.libs
lt_cv_path_LD=/usr/bin/ld
lt_cv_path_NM='/usr/bin/nm -B'
lt_cv_prog_compiler_c_o=yes
lt_cv_prog_compiler_pic_works=yes
lt_cv_prog_compiler_rtti_exceptions=no
lt_cv_prog_compiler_static_works=yes
lt_cv_prog_gnu_ld=yes
lt_cv_shlibpath_overrides_runpath=no
lt_cv_sys_global_symbol_pipe='sed -n -e '\''s/^.*[	 ]\([ABCDGIRSTW][ABCDGIRSTW]*\)[	 ][	 ]*\([_A-Za-z][_A-Za-z0-9]*\)$/\1 \2 \2/p'\'''
lt_cv_sys_global_symbol_to_c_name_address='sed -n -e '\''s/^: \([^ ]*\) $/  {\"\1\", (void *) 0},/p'\'' -e '\''s/^[ABCDGIRSTW]* \([^ ]*\) \([^ ]*\)$/  {"\2", (void *) \&\2},/p'\'''
lt_cv_sys_global_symbol_to_c_name_address_lib_prefix='sed -n -e '\''s/^: \([^ ]*\) $/  {\"\1\", (void *) 0},/p'\'' -e '\''s/^[ABCDGIRSTW]* \([^ ]*\) \(lib[^ ]*\)$/  {"\2", (void *) \&\2},/p'\'' -e '\''s/^[ABCDGIRSTW]* \([^ ]*\) \([^ ]*\)$/  {"lib\2", (void *) \&\2},/p'\'''
lt_cv_sys_global_symbol_to_cdecl='sed -n -e '\''s/^T .* \(.*\)$/extern int \1();/p'\'' -e '\''s/^[ABCDGIRSTW]* .* \(.*\)$/extern char \1;/p'\'''
lt_cv_sys_max_cmd_len=3458764513820540925

## ----------------- ##
## Output variables. ##
## ----------------- ##

ACLOCAL='${SHELL} /home/anand/sstack_new/oss/jerasure2.0/build-aux/missing aclocal-1.14'
AMDEPBACKSLASH='\'
AMDEP_FALSE='#'
AMDEP_TRUE=''
AMTAR='$${TAR-tar}'
AM_BACKSLASH='\'
AM_DEFAULT_V='$(AM_DEFAULT_VERBOSITY)'
AM_DEFAULT_VERBOSITY='1'
AM_V='$(V)'
AR='ar'
AUTOCONF='${SHELL} /home/anand/sstack_new/oss/jerasure2.0/build-aux/missing autoconf'
AUTOHEADER='${SHELL} /home/anand/sstack_new/oss/jerasure2.0/build-aux/missing autoheader'
AUTOMAKE='${SHELL} /home/anand/sstack_new/oss/jerasure2.0/build-aux/missing automake-1.14'
AWK='gawk'
CC='gcc'
CCDEPMODE='depmode=gcc3'
CFLAGS='-g -O3 -Wall'
CPP='gcc -E'
CPPFLAGS='-I/home/anand/sstack/oss/gf-complete/include'
CYGPATH_W='echo'
DEFS='-DHAVE_CONFIG_H'
DEPDIR='.deps'
DSYMUTIL=''
DUMPBIN=''
ECHO_C=''
ECHO_N='-n'
ECHO_T=''
EGREP='/bin/grep -E'
EXEEXT=''
FGREP='/bin/grep -F'
GREP='/bin/grep'
INSTALL_DATA='${INSTALL} -m 644'
INSTALL_PROGRAM='${INSTALL}'
INSTALL_SCRIPT='${INSTALL}'
INSTALL_STRIP_PROGRAM='$(install_sh) -c -s'
LD='/usr/bin/ld -m elf_x86_64'
LDFLAGS='-L/home/anand/sstack/oss/gf-complete/src/.libs'
LIBOBJS=''
LIBS='-lgf_complete '
LIBTOOL='$(SHELL) $(top_builddir)/libtool'
LIPO=''
LN_S='ln -s'
LTLIBOBJS=''
MAKEINFO='${SHELL} /home/anand/sstack_new/oss/jerasure2.0/build-aux/missing makeinfo'
MKDIR_P='/bin/mkdir -p'
NM='/usr/bin/nm -B'
NMEDIT=''
OBJDUMP='objdump'
OBJEXT='o'
OTOOL64=''
OTOOL=''
PACKAGE='jerasure'
PACKAGE_BUGREPORT=''
PACKAGE_NAME='Jerasure'
PACKAGE_STRING='Jerasure 2.0'
PACKAGE_TARNAME='jerasure'
PACKAGE_URL='https://bitbucket.org/jimplank/jerasure'
PACKAGE_VERSION='2.0'
PATH_SEPARATOR=':'
RANLIB='ranlib'
SED='/bin/sed'
SET_MAKE=''
SHELL='/bin/bash'
SIMD_FLAGS=' -mmmx -msse -msse2 -msse3 -mssse3 -msse4.1 -msse4.2 -mavx'
STRIP='strip'
VERSION='2.0'
ac_ct_CC='gcc'
ac_ct_DUMPBIN=''
am__EXEEXT_FALSE=''
am__EXEEXT_TRUE='#'
am__fastdepCC_FALSE='#'
am__fastdepCC_TRUE=''
am__include='include'
am__isrc=''
am__leading_dot='.'
am__nodep='_no'
am__quote=''
am__tar='$${TAR-tar} chof - "$$tardir"'
am__untar='$${TAR-tar} xf -'
bindir='${exec_prefix}/bin'
build='x86_64-unknown-linux-gnu'
build_alias=''
build_cpu='x86_64'
build_os='linux-gnu'
build_vendor='unknown'
datadir='${datarootdir}'
datarootdir='${prefix}/share'
docdir='${datarootdir}/doc/${PACKAGE_TARNAME}'
dvidir='${docdir}'
exec_prefix='${prefix}'
host='x86_64-unknown-linux-gnu'
host_alias=''
host_cpu='x86_64'
host_os='linux-gnu'
host_vendor='unknown'
htmldir='${docdir}'
includedir='${prefix}/include'
infodir='${datarootdir}/info'
install_sh='${SHELL} /home/anand/sstack_new/oss/jerasure2.0/build-aux/install-sh'
libdir='${exec_prefix}/lib'
libexecdir='${exec_prefix}/libexec'
localedir='${datarootdir}/locale'
localstatedir='${prefix}/var'
mandir='${datarootdir}/man'
mkdir_p='$(MKDIR_P)'
oldincludedir='/usr/include'
pdfdir='${docdir}'
prefix='/usr/local'
program_transform_name='s,x,x,'
psdir='${docdir}'
sbindir='${exec_prefix}/sbin'
sharedstatedir='${prefix}/com'
sysconfdir='${prefix}/etc'
target_alias=''

## ----------- ##
## confdefs.h. ##
## ----------- ##

/* confdefs.h */
#define PACKAGE_NAME "Jerasure"
#define PACKAGE_TARNAME "jerasure"
#define PACKAGE_VERSION "2.0"
#define PACKAGE_STRING "Jerasure 2.0"
#define PACKAGE_BUGREPORT ""
#define PACKAGE_URL "https://bitbucket.org/jimplank/jerasure"
#define PACKAGE "jerasure"
#define VERSION "2.0"
#define STDC_HEADERS 1
#define HAVE_SYS_TYPES_H 1
#define HAVE_SYS_STAT_H 1
#define HAVE_STDLIB_H 1
#define HAVE_STRING_H 1
#define HAVE_MEMORY_H 1
#define HAVE_STRINGS_H 1
#define HAVE_INTTYPES_H 1
#define HAVE_STDINT_H 1
#define HAVE_UNISTD_H 1
#define HAVE_DLFCN_H 1
#define LT_OBJDIR ".libs/"
#define HAVE_LIBGF_COMPLETE 1
#define HAVE_STDDEF_H 1
#define HAVE_STDINT_H 1
#define HAVE_STDLIB_H 1
#define HAVE_STRING_H 1
#define HAVE_SYS_TIME_H 1
#define HAVE_UNISTD_H 1
#define HAVE_GF_COMPLETE_H 1
#define HAVE_GF_GENERAL_H 1
#define HAVE_GF_METHOD_H 1
#define HAVE_GF_RAND_H 1
#define HAVE_MMX /**/
#define HAVE_SSE /**/
#define HAVE_SSE2 /**/
#define HAVE_SSE3 /**/
#define HAVE_SSSE3 /**/
#define HAVE_SSE4_1 /**/
#define HAVE_SSE4_2 /**/
#define HAVE_AVX /**/
#define HAVE_STDLIB_H 1
#define HAVE_MALLOC 1
#define HAVE_BZERO 1
#define HAVE_GETCWD 1
#define HAVE_GETTIMEOFDAY 1
#define HAVE_MKDIR 1
#define HAVE_STRCHR 1
#define HAVE_STRDUP 1
#define HAVE_STRRCHR 1

configure: exit 0

## ---------------------- ##
## Running config.status. ##
## ---------------------- ##

This file was extended by Jerasure config.status 2.0, which was
generated by GNU Autoconf 2.69.  Invocation command line was

  CONFIG_FILES    = 
  CONFIG_HEADERS  = 
  CONFIG_LINKS    = 
  CONFIG_COMMANDS = 
  $ ./config.status 

on Maximus

config.status:1099: creating Examples/Makefile
config.status:1099: creating Makefile
config.status:1099: creating src/Makefile
config.status:1099: creating include/config.h
config.status:1280: include/config.h is unchanged
config.status:1328: executing depfiles commands
config.status:1328: executing libtool commands
